[2025-10-27 14:47:22] Clicked Restaurant Center - PASSED
[2025-10-27 14:47:22] Restaurant Home Dashboard - PASSED
[2025-10-27 14:47:22] Go to Setup Restaurant Section - PASSED
[2025-10-27 14:47:34] Search table TABLE <selenium.webdriver.remote.webelement.WebElement (session="ecc18d31f494b2b396c5e71ce1e4b689", element="f.D654CD0A9AB860452EAA0A990E24D0E8.d.D99B0EE81D77C817F3B588B0EA046194.e.498")> - PASSED
[2025-10-27 14:47:49] ERROR: Element not found or interaction failed: Traceback (most recent call last):
  File "d:\Bastion\SQA_QualityEnterprise\SoftwareTesting\Projects\Common\Automation\OPI\OPIBIZ_WEBV2_Functions_NW\Restaurant_Center\Setup_Restaurant.py", line 50, in SetUp_Restaurant
    table_34 = WebDriverWait(driver,15).until(EC.element_to_be_clickable((By.XPATH,'//*[@id="setupRestaurantTables"]/div[67]/div')))
               ^^^^^^^^^^^^^^^^^^^^^^^^^^^^^^^^^^^^^^^^^^^^^^^^^^^^^^^^^^^^^^^^^^^^^^^^^^^^^^^^^^^^^^^^^^^^^^^^^^^^^^^^^^^^^^^^^^^^^
  File "D:\Bastion\SQA_QualityEnterprise\SoftwareTesting\Projects\Common\Automation\OPI\.venv\Lib\site-packages\selenium\webdriver\support\wait.py", line 138, in until
    raise TimeoutException(message, screen, stacktrace)
selenium.common.exceptions.TimeoutException: Message: 

Traceback (most recent call last):
  File "d:\Bastion\SQA_QualityEnterprise\SoftwareTesting\Projects\Common\Automation\OPI\OPIBIZ_WEBV2_Functions_NW\Restaurant_Center\Setup_Restaurant.py", line 50, in SetUp_Restaurant
    table_34 = WebDriverWait(driver,15).until(EC.element_to_be_clickable((By.XPATH,'//*[@id="setupRestaurantTables"]/div[67]/div')))
               ^^^^^^^^^^^^^^^^^^^^^^^^^^^^^^^^^^^^^^^^^^^^^^^^^^^^^^^^^^^^^^^^^^^^^^^^^^^^^^^^^^^^^^^^^^^^^^^^^^^^^^^^^^^^^^^^^^^^^
  File "D:\Bastion\SQA_QualityEnterprise\SoftwareTesting\Projects\Common\Automation\OPI\.venv\Lib\site-packages\selenium\webdriver\support\wait.py", line 138, in until
    raise TimeoutException(message, screen, stacktrace)
selenium.common.exceptions.TimeoutException: Message: 

