[2025-10-30 16:32:06] Automation has started... - PASSED
[2025-10-30 16:32:06] Login Credentials: - PASSED
[2025-10-30 16:32:20] Selecting branch and terminal... - PASSED
[2025-10-30 16:32:25] Attempt 1 to select random branch option failed: Message: invalid session id; For documentation on this error, please visit: https://www.selenium.dev/documentation/webdriver/troubleshooting/errors#invalidsessionidexception
Stacktrace:
	GetHandleVerifier [0x0x102fe43+66515]
	GetHandleVerifier [0x0x102fe84+66580]
	(No symbol) [0x0xe1da6b]
	(No symbol) [0x0xe5b5ab]
	(No symbol) [0x0xe8b086]
	(No symbol) [0x0xe8667c]
	(No symbol) [0x0xe85bf3]
	(No symbol) [0x0xdee72d]
	(No symbol) [0x0xdeecae]
	(No symbol) [0x0xdef14d]
	GetHandleVerifier [0x0x1287353+2521315]
	GetHandleVerifier [0x0x12822d3+2500707]
	GetHandleVerifier [0x0x1057c94+229924]
	GetHandleVerifier [0x0x10481f8+165768]
	GetHandleVerifier [0x0x104ecad+193085]
	(No symbol) [0x0xdee3e3]
	(No symbol) [0x0xdedb60]
	GetHandleVerifier [0x0x13cc20f+3852191]
	BaseThreadInitThunk [0x0x76305d49+25]
	RtlInitializeExceptionChain [0x0x7714d6db+107]
	RtlGetAppContainerNamedObjectPath [0x0x7714d661+561]
 - FAILED
[2025-10-30 16:32:30] Attempt 2 to select random branch option failed: Message: invalid session id; For documentation on this error, please visit: https://www.selenium.dev/documentation/webdriver/troubleshooting/errors#invalidsessionidexception
Stacktrace:
	GetHandleVerifier [0x0x102fe43+66515]
	GetHandleVerifier [0x0x102fe84+66580]
	(No symbol) [0x0xe1da6b]
	(No symbol) [0x0xe5b5ab]
	(No symbol) [0x0xe8b086]
	(No symbol) [0x0xe8667c]
	(No symbol) [0x0xe85bf3]
	(No symbol) [0x0xdee72d]
	(No symbol) [0x0xdeecae]
	(No symbol) [0x0xdef14d]
	GetHandleVerifier [0x0x1287353+2521315]
	GetHandleVerifier [0x0x12822d3+2500707]
	GetHandleVerifier [0x0x1057c94+229924]
	GetHandleVerifier [0x0x10481f8+165768]
	GetHandleVerifier [0x0x104ecad+193085]
	(No symbol) [0x0xdee3e3]
	(No symbol) [0x0xdedb60]
	GetHandleVerifier [0x0x13cc20f+3852191]
	BaseThreadInitThunk [0x0x76305d49+25]
	RtlInitializeExceptionChain [0x0x7714d6db+107]
	RtlGetAppContainerNamedObjectPath [0x0x7714d661+561]
 - FAILED
[2025-10-30 16:32:35] Attempt 3 to select random branch option failed: Message: invalid session id; For documentation on this error, please visit: https://www.selenium.dev/documentation/webdriver/troubleshooting/errors#invalidsessionidexception
Stacktrace:
	GetHandleVerifier [0x0x102fe43+66515]
	GetHandleVerifier [0x0x102fe84+66580]
	(No symbol) [0x0xe1da6b]
	(No symbol) [0x0xe5b5ab]
	(No symbol) [0x0xe8b086]
	(No symbol) [0x0xe8667c]
	(No symbol) [0x0xe85bf3]
	(No symbol) [0x0xdee72d]
	(No symbol) [0x0xdeecae]
	(No symbol) [0x0xdef14d]
	GetHandleVerifier [0x0x1287353+2521315]
	GetHandleVerifier [0x0x12822d3+2500707]
	GetHandleVerifier [0x0x1057c94+229924]
	GetHandleVerifier [0x0x10481f8+165768]
	GetHandleVerifier [0x0x104ecad+193085]
	(No symbol) [0x0xdee3e3]
	(No symbol) [0x0xdedb60]
	GetHandleVerifier [0x0x13cc20f+3852191]
	BaseThreadInitThunk [0x0x76305d49+25]
	RtlInitializeExceptionChain [0x0x7714d6db+107]
	RtlGetAppContainerNamedObjectPath [0x0x7714d661+561]
 - FAILED
[2025-10-30 16:32:40] Attempt 4 to select random branch option failed: Message: invalid session id; For documentation on this error, please visit: https://www.selenium.dev/documentation/webdriver/troubleshooting/errors#invalidsessionidexception
Stacktrace:
	GetHandleVerifier [0x0x102fe43+66515]
	GetHandleVerifier [0x0x102fe84+66580]
	(No symbol) [0x0xe1da6b]
	(No symbol) [0x0xe5b5ab]
	(No symbol) [0x0xe8b086]
	(No symbol) [0x0xe8667c]
	(No symbol) [0x0xe85bf3]
	(No symbol) [0x0xdee72d]
	(No symbol) [0x0xdeecae]
	(No symbol) [0x0xdef14d]
	GetHandleVerifier [0x0x1287353+2521315]
	GetHandleVerifier [0x0x12822d3+2500707]
	GetHandleVerifier [0x0x1057c94+229924]
	GetHandleVerifier [0x0x10481f8+165768]
	GetHandleVerifier [0x0x104ecad+193085]
	(No symbol) [0x0xdee3e3]
	(No symbol) [0x0xdedb60]
	GetHandleVerifier [0x0x13cc20f+3852191]
	BaseThreadInitThunk [0x0x76305d49+25]
	RtlInitializeExceptionChain [0x0x7714d6db+107]
	RtlGetAppContainerNamedObjectPath [0x0x7714d661+561]
 - FAILED
[2025-10-30 16:32:45] Attempt 5 to select random branch option failed: Message: invalid session id; For documentation on this error, please visit: https://www.selenium.dev/documentation/webdriver/troubleshooting/errors#invalidsessionidexception
Stacktrace:
	GetHandleVerifier [0x0x102fe43+66515]
	GetHandleVerifier [0x0x102fe84+66580]
	(No symbol) [0x0xe1da6b]
	(No symbol) [0x0xe5b5ab]
	(No symbol) [0x0xe8b086]
	(No symbol) [0x0xe8667c]
	(No symbol) [0x0xe85bf3]
	(No symbol) [0x0xdee72d]
	(No symbol) [0x0xdeecae]
	(No symbol) [0x0xdef14d]
	GetHandleVerifier [0x0x1287353+2521315]
	GetHandleVerifier [0x0x12822d3+2500707]
	GetHandleVerifier [0x0x1057c94+229924]
	GetHandleVerifier [0x0x10481f8+165768]
	GetHandleVerifier [0x0x104ecad+193085]
	(No symbol) [0x0xdee3e3]
	(No symbol) [0x0xdedb60]
	GetHandleVerifier [0x0x13cc20f+3852191]
	BaseThreadInitThunk [0x0x76305d49+25]
	RtlInitializeExceptionChain [0x0x7714d6db+107]
	RtlGetAppContainerNamedObjectPath [0x0x7714d661+561]
 - FAILED
[2025-10-30 16:32:50] Attempt 6 to select random branch option failed: Message: invalid session id; For documentation on this error, please visit: https://www.selenium.dev/documentation/webdriver/troubleshooting/errors#invalidsessionidexception
Stacktrace:
	GetHandleVerifier [0x0x102fe43+66515]
	GetHandleVerifier [0x0x102fe84+66580]
	(No symbol) [0x0xe1da6b]
	(No symbol) [0x0xe5b5ab]
	(No symbol) [0x0xe8b086]
	(No symbol) [0x0xe8667c]
	(No symbol) [0x0xe85bf3]
	(No symbol) [0x0xdee72d]
	(No symbol) [0x0xdeecae]
	(No symbol) [0x0xdef14d]
	GetHandleVerifier [0x0x1287353+2521315]
	GetHandleVerifier [0x0x12822d3+2500707]
	GetHandleVerifier [0x0x1057c94+229924]
	GetHandleVerifier [0x0x10481f8+165768]
	GetHandleVerifier [0x0x104ecad+193085]
	(No symbol) [0x0xdee3e3]
	(No symbol) [0x0xdedb60]
	GetHandleVerifier [0x0x13cc20f+3852191]
	BaseThreadInitThunk [0x0x76305d49+25]
	RtlInitializeExceptionChain [0x0x7714d6db+107]
	RtlGetAppContainerNamedObjectPath [0x0x7714d661+561]
 - FAILED
[2025-10-30 16:32:55] Attempt 7 to select random branch option failed: Message: invalid session id; For documentation on this error, please visit: https://www.selenium.dev/documentation/webdriver/troubleshooting/errors#invalidsessionidexception
Stacktrace:
	GetHandleVerifier [0x0x102fe43+66515]
	GetHandleVerifier [0x0x102fe84+66580]
	(No symbol) [0x0xe1da6b]
	(No symbol) [0x0xe5b5ab]
	(No symbol) [0x0xe8b086]
	(No symbol) [0x0xe8667c]
	(No symbol) [0x0xe85bf3]
	(No symbol) [0x0xdee72d]
	(No symbol) [0x0xdeecae]
	(No symbol) [0x0xdef14d]
	GetHandleVerifier [0x0x1287353+2521315]
	GetHandleVerifier [0x0x12822d3+2500707]
	GetHandleVerifier [0x0x1057c94+229924]
	GetHandleVerifier [0x0x10481f8+165768]
	GetHandleVerifier [0x0x104ecad+193085]
	(No symbol) [0x0xdee3e3]
	(No symbol) [0x0xdedb60]
	GetHandleVerifier [0x0x13cc20f+3852191]
	BaseThreadInitThunk [0x0x76305d49+25]
	RtlInitializeExceptionChain [0x0x7714d6db+107]
	RtlGetAppContainerNamedObjectPath [0x0x7714d661+561]
 - FAILED
[2025-10-30 16:33:00] Attempt 8 to select random branch option failed: Message: invalid session id; For documentation on this error, please visit: https://www.selenium.dev/documentation/webdriver/troubleshooting/errors#invalidsessionidexception
Stacktrace:
	GetHandleVerifier [0x0x102fe43+66515]
	GetHandleVerifier [0x0x102fe84+66580]
	(No symbol) [0x0xe1da6b]
	(No symbol) [0x0xe5b5ab]
	(No symbol) [0x0xe8b086]
	(No symbol) [0x0xe8667c]
	(No symbol) [0x0xe85bf3]
	(No symbol) [0x0xdee72d]
	(No symbol) [0x0xdeecae]
	(No symbol) [0x0xdef14d]
	GetHandleVerifier [0x0x1287353+2521315]
	GetHandleVerifier [0x0x12822d3+2500707]
	GetHandleVerifier [0x0x1057c94+229924]
	GetHandleVerifier [0x0x10481f8+165768]
	GetHandleVerifier [0x0x104ecad+193085]
	(No symbol) [0x0xdee3e3]
	(No symbol) [0x0xdedb60]
	GetHandleVerifier [0x0x13cc20f+3852191]
	BaseThreadInitThunk [0x0x76305d49+25]
	RtlInitializeExceptionChain [0x0x7714d6db+107]
	RtlGetAppContainerNamedObjectPath [0x0x7714d661+561]
 - FAILED
[2025-10-30 16:33:05] Attempt 9 to select random branch option failed: Message: invalid session id; For documentation on this error, please visit: https://www.selenium.dev/documentation/webdriver/troubleshooting/errors#invalidsessionidexception
Stacktrace:
	GetHandleVerifier [0x0x102fe43+66515]
	GetHandleVerifier [0x0x102fe84+66580]
	(No symbol) [0x0xe1da6b]
	(No symbol) [0x0xe5b5ab]
	(No symbol) [0x0xe8b086]
	(No symbol) [0x0xe8667c]
	(No symbol) [0x0xe85bf3]
	(No symbol) [0x0xdee72d]
	(No symbol) [0x0xdeecae]
	(No symbol) [0x0xdef14d]
	GetHandleVerifier [0x0x1287353+2521315]
	GetHandleVerifier [0x0x12822d3+2500707]
	GetHandleVerifier [0x0x1057c94+229924]
	GetHandleVerifier [0x0x10481f8+165768]
	GetHandleVerifier [0x0x104ecad+193085]
	(No symbol) [0x0xdee3e3]
	(No symbol) [0x0xdedb60]
	GetHandleVerifier [0x0x13cc20f+3852191]
	BaseThreadInitThunk [0x0x76305d49+25]
	RtlInitializeExceptionChain [0x0x7714d6db+107]
	RtlGetAppContainerNamedObjectPath [0x0x7714d661+561]
 - FAILED
[2025-10-30 16:33:10] Attempt 10 to select random branch option failed: Message: invalid session id; For documentation on this error, please visit: https://www.selenium.dev/documentation/webdriver/troubleshooting/errors#invalidsessionidexception
Stacktrace:
	GetHandleVerifier [0x0x102fe43+66515]
	GetHandleVerifier [0x0x102fe84+66580]
	(No symbol) [0x0xe1da6b]
	(No symbol) [0x0xe5b5ab]
	(No symbol) [0x0xe8b086]
	(No symbol) [0x0xe8667c]
	(No symbol) [0x0xe85bf3]
	(No symbol) [0x0xdee72d]
	(No symbol) [0x0xdeecae]
	(No symbol) [0x0xdef14d]
	GetHandleVerifier [0x0x1287353+2521315]
	GetHandleVerifier [0x0x12822d3+2500707]
	GetHandleVerifier [0x0x1057c94+229924]
	GetHandleVerifier [0x0x10481f8+165768]
	GetHandleVerifier [0x0x104ecad+193085]
	(No symbol) [0x0xdee3e3]
	(No symbol) [0x0xdedb60]
	GetHandleVerifier [0x0x13cc20f+3852191]
	BaseThreadInitThunk [0x0x76305d49+25]
	RtlInitializeExceptionChain [0x0x7714d6db+107]
	RtlGetAppContainerNamedObjectPath [0x0x7714d661+561]
 - FAILED
[2025-10-30 16:33:10] Branch and terminal selection successful - PASSED
[2025-10-30 16:33:10] Starting Home test... - PASSED
[2025-10-30 16:33:10] Home test completed successfully - PASSED
[2025-10-30 16:33:10] Starting Orders test... - PASSED
[2025-10-30 16:33:10] Orders test completed successfully - PASSED
[2025-10-30 16:33:10] Starting Manage Orders test... - PASSED
[2025-10-30 16:33:10] Starting Bookings test... - PASSED
[2025-10-30 16:33:10] Starting Tables setup... - PASSED
[2025-10-30 16:33:10] Tables setup completed - PASSED
[2025-10-30 16:33:10] Starting Menu setup... - PASSED
[2025-10-30 16:33:10] Menu setup completed - PASSED
[2025-10-30 16:33:10] Starting Printer setup... - PASSED
[2025-10-30 16:33:10] Printer setup completed - PASSED
[2025-10-30 16:33:10] Starting Invoice setup... - PASSED
[2025-10-30 16:33:10] Invoice setup completed - PASSED
[2025-10-30 16:33:10] Starting logout... - PASSED
[2025-10-30 16:33:10] Logout successful - PASSED
